<?xml version="1.0" encoding="UTF-8"?>
<testng-results skipped="1" failed="1" total="2" passed="0">
  <reporter-output>
  </reporter-output>
  <suite name="Suite" duration-ms="0" started-at="2012-03-19T16:23:54Z" finished-at="2012-03-19T16:23:54Z">
    <groups>
    </groups>
    <test name="update a record" duration-ms="0" started-at="2012-03-19T16:23:54Z" finished-at="2012-03-19T16:23:54Z">
      <class name="org.talend.mdm.cases.record.TestRecord">
        <test-method status="PASS" signature="initWebdriver(java.lang.String, java.lang.String, org.testng.ITestContext)[pri:0, instance:org.talend.mdm.cases.record.TestRecord@6e70c7]" name="initWebdriver" is-config="true" duration-ms="5516" started-at="2012-03-19T16:21:18Z" finished-at="2012-03-19T16:21:24Z">
          <params>
            <param index="0">
              <value>
                <![CDATA[http://localhost:8080]]>
              </value>
            </param>
            <param index="1">
              <value>
                <![CDATA[/talendmdm/secure/]]>
              </value>
            </param>
            <param index="2">
              <value>
                <![CDATA[org.testng.TestRunner@73a5d3]]>
              </value>
            </param>
          </params>
        </test-method> <!-- initWebdriver -->
        <test-method status="PASS" signature="login(java.lang.String, java.lang.String, java.lang.String)[pri:0, instance:org.talend.mdm.cases.record.TestRecord@6e70c7]" name="login" is-config="true" duration-ms="1234" started-at="2012-03-19T16:21:24Z" finished-at="2012-03-19T16:21:25Z">
          <params>
            <param index="0">
              <value>
                <![CDATA[administrator]]>
              </value>
            </param>
            <param index="1">
              <value>
                <![CDATA[administrator]]>
              </value>
            </param>
            <param index="2">
              <value>
                <![CDATA[User 'administrator' is already logged in another session!]]>
              </value>
            </param>
          </params>
        </test-method> <!-- login -->
        <test-method status="FAIL" signature="testUpdateRecord(java.lang.String, java.lang.String, java.lang.String, java.lang.String, java.lang.String, java.lang.String)[pri:0, instance:org.talend.mdm.cases.record.TestRecord@6e70c7]" name="testUpdateRecord" duration-ms="147235" started-at="2012-03-19T16:21:25Z" finished-at="2012-03-19T16:23:52Z">
          <params>
            <param index="0">
              <value>
                <![CDATA[HR_DB]]>
              </value>
            </param>
            <param index="1">
              <value>
                <![CDATA[QA]]>
              </value>
            </param>
            <param index="2">
              <value>
                <![CDATA[boss]]>
              </value>
            </param>
            <param index="3">
              <value>
                <![CDATA[62]]>
              </value>
            </param>
            <param index="4">
              <value>
                <![CDATA[update3]]>
              </value>
            </param>
            <param index="5">
              <value>
                <![CDATA[90]]>
              </value>
            </param>
          </params>
          <exception class="java.lang.AssertionError">
            <message>
              <![CDATA[updateARecord expected:<true> but was:<false>]]>
            </message>
            <full-stacktrace>
              <![CDATA[java.lang.AssertionError: updateARecord expected:<true> but was:<false>
	at org.testng.Assert.fail(Assert.java:89)
	at org.testng.Assert.failNotEquals(Assert.java:489)
	at org.testng.Assert.assertTrue(Assert.java:37)
	at org.talend.mdm.modules.Record.updateRecord(Record.java:40)
	at org.talend.mdm.impl.RecordImpl.updateRecordImpl(RecordImpl.java:22)
	at org.talend.mdm.cases.record.TestRecord.testUpdateRecord(TestRecord.java:31)
	at sun.reflect.NativeMethodAccessorImpl.invoke0(Native Method)
	at sun.reflect.NativeMethodAccessorImpl.invoke(NativeMethodAccessorImpl.java:39)
	at sun.reflect.DelegatingMethodAccessorImpl.invoke(DelegatingMethodAccessorImpl.java:25)
	at java.lang.reflect.Method.invoke(Method.java:597)
	at org.testng.internal.MethodInvocationHelper.invokeMethod(MethodInvocationHelper.java:80)
	at org.testng.internal.Invoker.invokeMethod(Invoker.java:701)
	at org.testng.internal.Invoker.invokeTestMethod(Invoker.java:893)
	at org.testng.internal.Invoker.invokeTestMethods(Invoker.java:1218)
	at org.testng.internal.TestMethodWorker.invokeTestMethods(TestMethodWorker.java:127)
	at org.testng.internal.TestMethodWorker.run(TestMethodWorker.java:111)
	at org.testng.TestRunner.privateRun(TestRunner.java:768)
	at org.testng.TestRunner.run(TestRunner.java:617)
	at org.testng.SuiteRunner.runTest(SuiteRunner.java:334)
	at org.testng.SuiteRunner.runSequentially(SuiteRunner.java:329)
	at org.testng.SuiteRunner.privateRun(SuiteRunner.java:291)
	at org.testng.SuiteRunner.run(SuiteRunner.java:240)
	at org.testng.SuiteRunnerWorker.runSuite(SuiteRunnerWorker.java:53)
	at org.testng.SuiteRunnerWorker.run(SuiteRunnerWorker.java:87)
	at org.testng.TestNG.runSuitesSequentially(TestNG.java:1185)
	at org.testng.TestNG.runSuitesSequentially(TestNG.java:1181)
	at org.testng.TestNG.runSuitesLocally(TestNG.java:1110)
	at org.testng.TestNG.run(TestNG.java:1022)
	at org.testng.remote.RemoteTestNG.run(RemoteTestNG.java:109)
	at org.testng.remote.RemoteTestNG.initAndRun(RemoteTestNG.java:202)
	at org.testng.remote.RemoteTestNG.main(RemoteTestNG.java:173)
]]>
            </full-stacktrace>
          </exception> <!-- java.lang.AssertionError -->
        </test-method> <!-- testUpdateRecord -->
        <test-method status="PASS" signature="beforeMethod()[pri:0, instance:org.talend.mdm.cases.record.TestRecord@6e70c7]" name="beforeMethod" is-config="true" duration-ms="0" started-at="2012-03-19T16:21:25Z" finished-at="2012-03-19T16:21:25Z">
        </test-method> <!-- beforeMethod -->
        <test-method status="FAIL" signature="logout()[pri:0, instance:org.talend.mdm.cases.record.TestRecord@6e70c7]" name="logout" is-config="true" duration-ms="0" started-at="2012-03-19T16:23:53Z" finished-at="2012-03-19T16:23:53Z">
          <exception class="java.lang.NullPointerException">
            <full-stacktrace>
              <![CDATA[java.lang.NullPointerException
	at org.talend.mdm.Login.logout(Login.java:87)
	at sun.reflect.NativeMethodAccessorImpl.invoke0(Native Method)
	at sun.reflect.NativeMethodAccessorImpl.invoke(NativeMethodAccessorImpl.java:39)
	at sun.reflect.DelegatingMethodAccessorImpl.invoke(DelegatingMethodAccessorImpl.java:25)
	at java.lang.reflect.Method.invoke(Method.java:597)
	at org.testng.internal.MethodInvocationHelper.invokeMethod(MethodInvocationHelper.java:80)
	at org.testng.internal.Invoker.invokeConfigurationMethod(Invoker.java:551)
	at org.testng.internal.Invoker.invokeConfigurations(Invoker.java:213)
	at org.testng.internal.Invoker.invokeMethod(Invoker.java:782)
	at org.testng.internal.Invoker.invokeTestMethod(Invoker.java:893)
	at org.testng.internal.Invoker.invokeTestMethods(Invoker.java:1218)
	at org.testng.internal.TestMethodWorker.invokeTestMethods(TestMethodWorker.java:127)
	at org.testng.internal.TestMethodWorker.run(TestMethodWorker.java:111)
	at org.testng.TestRunner.privateRun(TestRunner.java:768)
	at org.testng.TestRunner.run(TestRunner.java:617)
	at org.testng.SuiteRunner.runTest(SuiteRunner.java:334)
	at org.testng.SuiteRunner.runSequentially(SuiteRunner.java:329)
	at org.testng.SuiteRunner.privateRun(SuiteRunner.java:291)
	at org.testng.SuiteRunner.run(SuiteRunner.java:240)
	at org.testng.SuiteRunnerWorker.runSuite(SuiteRunnerWorker.java:53)
	at org.testng.SuiteRunnerWorker.run(SuiteRunnerWorker.java:87)
	at org.testng.TestNG.runSuitesSequentially(TestNG.java:1185)
	at org.testng.TestNG.runSuitesSequentially(TestNG.java:1181)
	at org.testng.TestNG.runSuitesLocally(TestNG.java:1110)
	at org.testng.TestNG.run(TestNG.java:1022)
	at org.testng.remote.RemoteTestNG.run(RemoteTestNG.java:109)
	at org.testng.remote.RemoteTestNG.initAndRun(RemoteTestNG.java:202)
	at org.testng.remote.RemoteTestNG.main(RemoteTestNG.java:173)
]]>
            </full-stacktrace>
          </exception> <!-- java.lang.NullPointerException -->
        </test-method> <!-- logout -->
        <test-method status="SKIP" signature="killBroswer()[pri:0, instance:org.talend.mdm.cases.record.TestRecord@6e70c7]" name="killBroswer" is-config="true" duration-ms="0" started-at="2012-03-19T16:23:54Z" finished-at="2012-03-19T16:23:54Z">
        </test-method> <!-- killBroswer -->
        <test-method status="SKIP" signature="logout()[pri:0, instance:org.talend.mdm.cases.record.TestRecord@6e70c7]" name="logout" is-config="true" duration-ms="0" started-at="2012-03-19T16:23:54Z" finished-at="2012-03-19T16:23:54Z">
        </test-method> <!-- logout -->
        <test-method status="SKIP" signature="login(java.lang.String, java.lang.String, java.lang.String)[pri:0, instance:org.talend.mdm.cases.record.TestRecord@6e70c7]" name="login" is-config="true" duration-ms="0" started-at="2012-03-19T16:23:54Z" finished-at="2012-03-19T16:23:54Z">
        </test-method> <!-- login -->
        <test-method status="SKIP" signature="killBroswer()[pri:0, instance:org.talend.mdm.cases.record.TestRecord@6e70c7]" name="killBroswer" is-config="true" duration-ms="0" started-at="2012-03-19T16:23:54Z" finished-at="2012-03-19T16:23:54Z">
        </test-method> <!-- killBroswer -->
        <test-method status="SKIP" signature="testUpdateRecord(java.lang.String, java.lang.String, java.lang.String, java.lang.String, java.lang.String, java.lang.String)[pri:0, instance:org.talend.mdm.cases.record.TestRecord@6e70c7]" name="testUpdateRecord" duration-ms="0" started-at="2012-03-19T16:23:54Z" finished-at="2012-03-19T16:23:54Z">
          <params>
            <param index="0">
              <value>
                <![CDATA[HR_DB]]>
              </value>
            </param>
            <param index="1">
              <value>
                <![CDATA[QA]]>
              </value>
            </param>
            <param index="2">
              <value>
                <![CDATA[boss]]>
              </value>
            </param>
            <param index="3">
              <value>
                <![CDATA[62]]>
              </value>
            </param>
            <param index="4">
              <value>
                <![CDATA[update3]]>
              </value>
            </param>
            <param index="5">
              <value>
                <![CDATA[90]]>
              </value>
            </param>
          </params>
        </test-method> <!-- testUpdateRecord -->
        <test-method status="SKIP" signature="beforeMethod()[pri:0, instance:org.talend.mdm.cases.record.TestRecord@6e70c7]" name="beforeMethod" is-config="true" duration-ms="0" started-at="2012-03-19T16:23:54Z" finished-at="2012-03-19T16:23:54Z">
        </test-method> <!-- beforeMethod -->
      </class> <!-- org.talend.mdm.cases.record.TestRecord -->
    </test> <!-- update a record -->
  </suite> <!-- Suite -->
</testng-results>
